<?xml version="1.0" encoding="UTF-8"?>
<testng-results ignored="0" total="2" passed="2" failed="0" skipped="0">
  <reporter-output>
  </reporter-output>
  <suite started-at="2021-02-01T12:31:57 CET" name="Default suite" finished-at="2021-02-01T12:32:29 CET" duration-ms="31234">
    <groups>
    </groups>
    <test started-at="2021-02-01T12:31:57 CET" name="Default test" finished-at="2021-02-01T12:32:29 CET" duration-ms="31234">
      <class name="com.komoot.qa.tests.ProfilePageTest">
        <test-method is-config="true" signature="setUp()[pri:0, instance:com.komoot.qa.tests.ProfilePageTest@7e057f43]" started-at="2021-02-01T12:31:57 CET" name="setUp" finished-at="2021-02-01T12:32:12 CET" duration-ms="14392" status="PASS">
          <reporter-output>
          </reporter-output>
        </test-method> <!-- setUp -->
        <test-method signature="verifyNumberOfToursTest()[pri:1, instance:com.komoot.qa.tests.ProfilePageTest@7e057f43]" started-at="2021-02-01T12:32:12 CET" name="verifyNumberOfToursTest" finished-at="2021-02-01T12:32:15 CET" duration-ms="2763" status="PASS">
          <reporter-output>
          </reporter-output>
        </test-method> <!-- verifyNumberOfToursTest -->
        <test-method is-config="true" signature="tearDown()[pri:0, instance:com.komoot.qa.tests.ProfilePageTest@7e057f43]" started-at="2021-02-01T12:32:15 CET" name="tearDown" finished-at="2021-02-01T12:32:15 CET" duration-ms="858" status="PASS">
          <reporter-output>
          </reporter-output>
        </test-method> <!-- tearDown -->
        <test-method is-config="true" signature="setUp()[pri:0, instance:com.komoot.qa.tests.ProfilePageTest@7e057f43]" started-at="2021-02-01T12:32:15 CET" name="setUp" finished-at="2021-02-01T12:32:26 CET" duration-ms="10921" status="PASS">
          <reporter-output>
          </reporter-output>
        </test-method> <!-- setUp -->
        <test-method signature="userLogOutTest()[pri:2, instance:com.komoot.qa.tests.ProfilePageTest@7e057f43]" started-at="2021-02-01T12:32:26 CET" name="userLogOutTest" finished-at="2021-02-01T12:32:28 CET" duration-ms="1513" status="PASS">
          <reporter-output>
          </reporter-output>
        </test-method> <!-- userLogOutTest -->
        <test-method is-config="true" signature="tearDown()[pri:0, instance:com.komoot.qa.tests.ProfilePageTest@7e057f43]" started-at="2021-02-01T12:32:28 CET" name="tearDown" finished-at="2021-02-01T12:32:29 CET" duration-ms="710" status="PASS">
          <reporter-output>
          </reporter-output>
        </test-method> <!-- tearDown -->
      </class> <!-- com.komoot.qa.tests.ProfilePageTest -->
    </test> <!-- Default test -->
  </suite> <!-- Default suite -->
</testng-results>
